[2022-04-02 09:45:04 +0800] [1922] [INFO] Starting gunicorn 20.1.0
[2022-04-02 09:45:04 +0800] [1922] [INFO] Listening at: http://0.0.0.0:80 (1922)
[2022-04-02 09:45:04 +0800] [1922] [INFO] Using worker: gthread
[2022-04-02 09:45:04 +0800] [1925] [INFO] Booting worker with pid: 1925
[2022-04-02 09:45:04 +0800] [1926] [INFO] Booting worker with pid: 1926
Not Found: /static/rest_framework/css/bootstrap.min.css
Not Found: /static/rest_framework/js/csrf.js
Not Found: /static/rest_framework/js/bootstrap.min.js
Not Found: /static/rest_framework/js/prettify-min.js
Not Found: /static/rest_framework/js/default.js
Not Found: /static/rest_framework/css/bootstrap-tweaks.css
Not Found: /static/rest_framework/css/prettify.css
Not Found: /static/rest_framework/css/default.css
Not Found: /static/rest_framework/js/jquery-3.5.1.min.js
Not Found: /static/rest_framework/js/ajax-form.js
Not Found: /favicon.ico
[2022-04-02 09:51:56 +0800] [1922] [INFO] Handling signal: term
[2022-04-02 01:51:56 +0000] [1926] [INFO] Worker exiting (pid: 1926)
[2022-04-02 01:51:56 +0000] [1925] [INFO] Worker exiting (pid: 1925)
[2022-04-02 09:51:57 +0800] [1922] [INFO] Shutting down: Master
[I 220402 01:52:01 command:154] Visit me at http://localhost:5555
[I 220402 01:52:01 command:159] Broker: redis://101.37.30.155:6379/0
[I 220402 01:52:01 command:162] Registered tasks: 
    ['cases.task.celery_run_case',
     'cases.task.celery_test',
     'celery.accumulate',
     'celery.backend_cleanup',
     'celery.chain',
     'celery.chord',
     'celery.chord_unlock',
     'celery.chunks',
     'celery.group',
     'celery.map',
     'celery.starmap']
[I 220402 01:52:01 mixins:226] Connected to redis://101.37.30.155:6379/0
[W 220402 01:52:02 inspector:42] Inspect method revoked failed
[W 220402 01:52:02 inspector:42] Inspect method stats failed
[W 220402 01:52:02 inspector:42] Inspect method scheduled failed
[W 220402 01:52:02 inspector:42] Inspect method active failed
[W 220402 01:52:02 inspector:42] Inspect method conf failed
[W 220402 01:52:02 inspector:42] Inspect method reserved failed
[W 220402 01:52:02 inspector:42] Inspect method active_queues failed
[W 220402 01:52:02 inspector:42] Inspect method registered failed
[I 220402 01:56:50 command:47] SIGTERM detected, shutting down
[I 220402 01:56:58 command:154] Visit me at http://localhost:5555
[I 220402 01:56:58 command:159] Broker: redis://101.37.30.155:6379/0
[I 220402 01:56:58 command:162] Registered tasks: 
    ['cases.task.celery_run_case',
     'cases.task.celery_test',
     'celery.accumulate',
     'celery.backend_cleanup',
     'celery.chain',
     'celery.chord',
     'celery.chord_unlock',
     'celery.chunks',
     'celery.group',
     'celery.map',
     'celery.starmap']
[I 220402 01:56:58 mixins:226] Connected to redis://101.37.30.155:6379/0
[W 220402 01:56:59 inspector:42] Inspect method active_queues failed
[W 220402 01:56:59 inspector:42] Inspect method active failed
[W 220402 01:56:59 inspector:42] Inspect method stats failed
[W 220402 01:56:59 inspector:42] Inspect method registered failed
[W 220402 01:56:59 inspector:42] Inspect method scheduled failed
[W 220402 01:56:59 inspector:42] Inspect method conf failed
[W 220402 01:56:59 inspector:42] Inspect method reserved failed
[W 220402 01:56:59 inspector:42] Inspect method revoked failed
[I 220402 01:59:41 command:47] SIGTERM detected, shutting down
[2022-04-02 09:59:43 +0800] [2450] [INFO] Starting gunicorn 20.1.0
[2022-04-02 09:59:43 +0800] [2450] [INFO] Listening at: http://0.0.0.0:80 (2450)
[2022-04-02 09:59:43 +0800] [2450] [INFO] Using worker: gthread
[2022-04-02 09:59:43 +0800] [2459] [INFO] Booting worker with pid: 2459
[2022-04-02 09:59:43 +0800] [2460] [INFO] Booting worker with pid: 2460
Not Found: /static/rest_framework/css/bootstrap.min.css
Not Found: /static/rest_framework/css/default.css
Not Found: /static/rest_framework/js/jquery-3.5.1.min.js
Not Found: /static/rest_framework/js/ajax-form.js
Not Found: /static/rest_framework/js/csrf.js
Not Found: /static/rest_framework/js/bootstrap.min.js
Not Found: /static/rest_framework/js/prettify-min.js
Not Found: /static/rest_framework/js/default.js
Not Found: /static/rest_framework/css/bootstrap-tweaks.css
Not Found: /static/rest_framework/css/prettify.css
Not Found: /static/rest_framework/css/bootstrap.min.css
Not Found: /static/rest_framework/css/bootstrap-tweaks.css
Not Found: /static/rest_framework/css/prettify.css
Not Found: /static/rest_framework/js/bootstrap.min.js
Not Found: /static/rest_framework/css/default.css
Not Found: /static/rest_framework/js/default.js
Not Found: /static/rest_framework/js/jquery-3.5.1.min.js
Not Found: /static/rest_framework/js/ajax-form.js
Not Found: /static/rest_framework/js/csrf.js
Not Found: /static/rest_framework/js/prettify-min.js
Not Found: /case
Not Found: /cases
Not Found: /cases
Not Found: /static/rest_framework/css/bootstrap-tweaks.css
Not Found: /static/rest_framework/css/bootstrap.min.css
Not Found: /static/rest_framework/js/jquery-3.5.1.min.js
Not Found: /static/rest_framework/css/prettify.css
Not Found: /static/rest_framework/js/ajax-form.js
Not Found: /static/rest_framework/css/default.css
Not Found: /static/rest_framework/js/bootstrap.min.js
Not Found: /static/rest_framework/js/csrf.js
Not Found: /static/rest_framework/js/prettify-min.js
Not Found: /static/rest_framework/js/default.js
Not Found: /static/rest_framework/css/bootstrap-tweaks.css
/Users/sunxinyang/Desktop/LaatUI/venv/lib/python3.6/site-packages/rest_framework/pagination.py:200: UnorderedObjectListWarning: Pagination may yield inconsistent results with an unordered object_list: <class 'projects.models.ProjectModel'> QuerySet.
  paginator = self.django_paginator_class(queryset, page_size)
Not Found: /static/rest_framework/css/bootstrap.min.css
Not Found: /static/rest_framework/js/jquery-3.5.1.min.js
Not Found: /static/rest_framework/css/prettify.css
Not Found: /static/rest_framework/js/bootstrap.min.js
Not Found: /static/rest_framework/js/ajax-form.js
Not Found: /static/rest_framework/js/prettify-min.js
Not Found: /static/rest_framework/css/default.css
Not Found: /static/rest_framework/js/csrf.js
Not Found: /static/rest_framework/js/default.js
Not Found: /static/rest_framework/css/bootstrap-tweaks.css
Not Found: /static/rest_framework/css/prettify.css
Not Found: /static/rest_framework/css/bootstrap.min.css
Not Found: /static/rest_framework/js/csrf.js
Not Found: /static/rest_framework/css/default.css
Not Found: /static/rest_framework/js/bootstrap.min.js
Not Found: /static/rest_framework/js/jquery-3.5.1.min.js
Not Found: /static/rest_framework/js/default.js
Not Found: /static/rest_framework/js/ajax-form.js
Not Found: /static/rest_framework/js/prettify-min.js
[2022-04-02 10:05:19 +0800] [2450] [INFO] Handling signal: term
[2022-04-02 02:05:19 +0000] [2460] [INFO] Worker exiting (pid: 2460)
[2022-04-02 02:05:20 +0000] [2459] [INFO] Worker exiting (pid: 2459)
[2022-04-02 10:05:20 +0800] [2450] [INFO] Shutting down: Master
[2022-04-02 10:05:22 +0800] [2575] [INFO] Starting gunicorn 20.1.0
[2022-04-02 10:05:22 +0800] [2575] [INFO] Listening at: http://0.0.0.0:80 (2575)
[2022-04-02 10:05:22 +0800] [2575] [INFO] Using worker: gthread
[2022-04-02 10:05:22 +0800] [2579] [INFO] Booting worker with pid: 2579
[2022-04-02 10:05:22 +0800] [2580] [INFO] Booting worker with pid: 2580
[2022-04-02 10:07:15 +0800] [2575] [INFO] Handling signal: term
[2022-04-02 02:07:16 +0000] [2580] [INFO] Worker exiting (pid: 2580)
[2022-04-02 02:07:16 +0000] [2579] [INFO] Worker exiting (pid: 2579)
[2022-04-02 10:07:16 +0800] [2575] [INFO] Shutting down: Master
[2022-04-02 10:07:18 +0800] [2641] [INFO] Starting gunicorn 20.1.0
[2022-04-02 10:07:18 +0800] [2641] [INFO] Listening at: http://0.0.0.0:80 (2641)
[2022-04-02 10:07:18 +0800] [2641] [INFO] Using worker: gthread
[2022-04-02 10:07:18 +0800] [2646] [INFO] Booting worker with pid: 2646
[2022-04-02 10:07:18 +0800] [2650] [INFO] Booting worker with pid: 2650
[2022-04-02 17:27:56 +0800] [2641] [INFO] Handling signal: term
[2022-04-02 09:27:57 +0000] [2650] [INFO] Worker exiting (pid: 2650)
[2022-04-02 09:27:57 +0000] [2646] [INFO] Worker exiting (pid: 2646)
[2022-04-02 17:27:57 +0800] [2641] [INFO] Shutting down: Master
