WARNING 2022-04-04 23:19:12,176 log 230 Not Found: /favicon.ico
WARNING 2022-04-04 23:19:12,177 basehttp 161 "GET /favicon.ico HTTP/1.1" 404 10103
WARNING 2022-04-04 23:19:22,016 log 230 Not Found: /swagger
WARNING 2022-04-04 23:19:22,017 basehttp 161 "GET /swagger HTTP/1.1" 404 10091
WARNING 2022-04-04 23:19:24,339 log 230 Not Found: /swagger
WARNING 2022-04-04 23:19:24,340 basehttp 161 "GET /swagger HTTP/1.1" 404 10091
WARNING 2022-04-04 23:20:08,669 log 230 Not Found: /swagger/4
WARNING 2022-04-04 23:20:08,670 basehttp 161 "GET /swagger/4 HTTP/1.1" 404 10097
INFO 2022-04-04 23:22:01,713 autoreload 637 Watching for file changes with StatReloader
INFO 2022-04-04 23:22:23,732 basehttp 161 "GET /cases/countTestCases/ HTTP/1.1" 200 2
INFO 2022-04-04 23:22:23,733 basehttp 161 "GET /reports/countResport/ HTTP/1.1" 200 2
INFO 2022-04-05 21:33:21,622 autoreload 637 Watching for file changes with StatReloader
INFO 2022-04-05 21:33:26,584 basehttp 161 "GET / HTTP/1.1" 200 10101
INFO 2022-04-05 21:33:26,657 basehttp 161 "GET /static/rest_framework/js/jquery-3.5.1.min.js HTTP/1.1" 200 89476
INFO 2022-04-05 21:33:26,669 basehttp 161 "GET /static/rest_framework/js/prettify-min.js HTTP/1.1" 200 13632
INFO 2022-04-05 21:33:26,671 basehttp 161 "GET /static/rest_framework/js/bootstrap.min.js HTTP/1.1" 200 39680
INFO 2022-04-05 21:33:26,794 basehttp 161 "GET /static/rest_framework/css/bootstrap.min.css HTTP/1.1" 200 121457
WARNING 2022-04-05 21:33:27,305 log 230 Not Found: /favicon.ico
WARNING 2022-04-05 21:33:27,306 basehttp 161 "GET /favicon.ico HTTP/1.1" 404 10515
INFO 2022-04-05 21:33:37,436 basehttp 161 "GET /projects/ HTTP/1.1" 200 18674
INFO 2022-04-05 21:33:37,621 basehttp 161 "GET /static/rest_framework/fonts/glyphicons-halflings-regular.woff2 HTTP/1.1" 200 18028
WARNING 2022-04-05 21:33:54,211 log 230 Not Found: /swagger
WARNING 2022-04-05 21:33:54,212 basehttp 161 "GET /swagger HTTP/1.1" 404 10503
INFO 2022-04-05 21:33:57,243 basehttp 161 "GET /swagger/ HTTP/1.1" 200 2237
INFO 2022-04-05 21:33:57,327 basehttp 161 "GET /static/drf-yasg/swagger-ui-init.js HTTP/1.1" 200 14715
INFO 2022-04-05 21:33:57,331 basehttp 161 "GET /static/drf-yasg/immutable.min.js HTTP/1.1" 200 56904
INFO 2022-04-05 21:33:57,355 basehttp 161 "GET /static/drf-yasg/swagger-ui-dist/swagger-ui.css HTTP/1.1" 200 143074
INFO 2022-04-05 21:33:57,357 basehttp 161 "GET /static/drf-yasg/swagger-ui-dist/swagger-ui-standalone-preset.js HTTP/1.1" 200 329649
INFO 2022-04-05 21:33:57,402 basehttp 161 "GET /static/drf-yasg/swagger-ui-dist/swagger-ui-bundle.js HTTP/1.1" 200 1038857
INFO 2022-04-05 21:33:58,248 basehttp 161 "GET /swagger/?format=openapi HTTP/1.1" 200 20281
